TN:
SF:C:\Users\khbegum\Desktop\myApp\my-app\src\polyfills.ts
FNF:0
FNH:0
LF:0
LH:0
BRF:0
BRH:0
end_of_record
TN:
SF:C:\Users\khbegum\Desktop\myApp\my-app\src\test.ts
FNF:0
FNH:0
DA:13,1
DA:18,1
DA:20,1
LF:3
LH:3
BRF:0
BRH:0
end_of_record
TN:
SF:C:\Users\khbegum\Desktop\myApp\my-app\src\app\app.component.ts
FN:3,(anonymous_0)
FNF:1
FNH:1
FNDA:2,(anonymous_0)
DA:8,1
DA:9,2
LF:2
LH:2
BRF:0
BRH:0
end_of_record
TN:
SF:C:\Users\khbegum\Desktop\myApp\my-app\src\app\employee\employee-list\employee-list.component.ts
FN:14,(anonymous_0)
FN:27,(anonymous_1)
FN:31,(anonymous_2)
FN:32,(anonymous_3)
FN:40,(anonymous_4)
FN:42,(anonymous_5)
FN:67,(anonymous_6)
FNF:7
FNH:5
FNDA:4,(anonymous_0)
FNDA:3,(anonymous_1)
FNDA:4,(anonymous_2)
FNDA:4,(anonymous_3)
FNDA:4,(anonymous_4)
FNDA:0,(anonymous_5)
FNDA:0,(anonymous_6)
DA:13,1
DA:14,4
DA:18,4
DA:19,4
DA:20,4
DA:22,1
DA:28,3
DA:29,3
DA:32,4
DA:33,4
DA:42,4
DA:44,0
DA:46,0
DA:47,0
DA:48,0
DA:52,0
DA:53,0
DA:56,0
DA:57,0
DA:60,0
DA:61,0
DA:68,0
DA:69,0
LF:23
LH:11
BRDA:45,0,0,0
BRDA:45,0,1,0
BRDA:45,0,2,0
BRDA:45,0,3,0
BRF:4
BRH:0
end_of_record
TN:
SF:C:\Users\khbegum\Desktop\myApp\my-app\src\app\service\employee-service.service.ts
FN:12,(anonymous_0)
FN:15,(anonymous_1)
FNF:2
FNH:2
FNDA:5,(anonymous_0)
FNDA:6,(anonymous_1)
DA:10,1
DA:12,5
DA:14,5
DA:16,6
LF:4
LH:4
BRF:0
BRH:0
end_of_record
