TN:
SF:C:\Users\khbegum\Desktop\myApp\my-app\src\polyfills.ts
FNF:0
FNH:0
LF:0
LH:0
BRF:0
BRH:0
end_of_record
TN:
SF:C:\Users\khbegum\Desktop\myApp\my-app\src\test.ts
FNF:0
FNH:0
DA:13,1
DA:18,1
DA:20,1
LF:3
LH:3
BRF:0
BRH:0
end_of_record
TN:
SF:C:\Users\khbegum\Desktop\myApp\my-app\src\app\app.component.ts
FN:3,(anonymous_0)
FNF:1
FNH:1
FNDA:3,(anonymous_0)
DA:8,1
DA:9,3
LF:2
LH:2
BRF:0
BRH:0
end_of_record
TN:
SF:C:\Users\khbegum\Desktop\myApp\my-app\src\app\employee\employee-list\employee-list.component.ts
FN:14,(anonymous_0)
FN:23,(anonymous_1)
FN:27,(anonymous_2)
FN:28,(anonymous_3)
FN:35,(anonymous_4)
FNF:5
FNH:5
FNDA:4,(anonymous_0)
FNDA:3,(anonymous_1)
FNDA:4,(anonymous_2)
FNDA:4,(anonymous_3)
FNDA:1,(anonymous_4)
DA:13,1
DA:14,4
DA:18,4
DA:19,4
DA:20,4
DA:22,1
DA:24,3
DA:25,3
DA:28,4
DA:29,4
DA:36,1
DA:37,1
DA:38,1
LF:13
LH:13
BRF:0
BRH:0
end_of_record
TN:
SF:C:\Users\khbegum\Desktop\myApp\my-app\src\app\service\employee-service.service.ts
FN:12,(anonymous_0)
FN:15,(anonymous_1)
FNF:2
FNH:2
FNDA:5,(anonymous_0)
FNDA:6,(anonymous_1)
DA:10,1
DA:12,5
DA:14,5
DA:16,6
LF:4
LH:4
BRF:0
BRH:0
end_of_record
